<?xml version="1.0" encoding="UTF-8"?>
<!-- Generated by org.testng.reporters.JUnitReportReporter -->
<testsuite skipped="0" hostname="EBHVR04-07" name="sa.keywordDriven.TestRunner" tests="1" failures="0" timestamp="17 Aug 2017 07:53:24 GMT" time="2.901" errors="0">
  <testcase name="test" time="2.901" classname="sa.keywordDriven.TestRunner"/>
</testsuite> <!-- sa.keywordDriven.TestRunner -->
