<?xml version="1.0" encoding="UTF-8"?>
<!-- Generated by org.testng.reporters.JUnitReportReporter -->
<testsuite skipped="0" hostname="EBHVR04-07" name="sa.dataDriven.AdactinLogin" tests="1" failures="0" timestamp="17 Aug 2017 04:46:09 GMT" time="9.742" errors="0">
  <testcase name="main" time="9.742" classname="sa.dataDriven.AdactinLogin"/>
</testsuite> <!-- sa.dataDriven.AdactinLogin -->
