<?xml version="1.0" encoding="UTF-8"?>
<!-- Generated by org.testng.reporters.JUnitReportReporter -->
<testsuite skipped="0" hostname="EBHVR04-07" name="sa.testCases.LoginPageTestCase" tests="2" failures="0" timestamp="18 Aug 2017 06:31:11 GMT" time="0.550" errors="0">
  <testcase name="test1" time="0.212" classname="sa.testCases.LoginPageTestCase"/>
  <testcase name="test2" time="0.338" classname="sa.testCases.LoginPageTestCase"/>
</testsuite> <!-- sa.testCases.LoginPageTestCase -->
